<?xml version="1.0" encoding="UTF-8"?>
<!-- Generated by org.testng.reporters.JUnitReportReporter -->
<testsuite skipped="0" hostname="del1-lhp-n01494" name="com.frontline.step.RunnerCukes" tests="1" failures="0" timestamp="25 Jun 2020 14:02:47 GMT" time="52.366" errors="0">
  <testcase name="testCukesRunner" time="52.366" classname="com.frontline.step.RunnerCukes"/>
</testsuite> <!-- com.frontline.step.RunnerCukes -->
